A51 MACRO ASSEMBLER  CONTENEDOR                                                           06/20/2022 12:22:41 PAGE     1


MACRO ASSEMBLER A51 V8.2.7.0
OBJECT MODULE PLACED IN .\Objects\Contenedor.obj
ASSEMBLER INVOKED BY: C:\Keil_v5\C51\BIN\A51.EXE Contenedor.asm SET(SMALL) DEBUG PRINT(.\Listings\Contenedor.lst) OBJECT
                      (.\Objects\Contenedor.obj) EP

LOC  OBJ            LINE     SOURCE

                       1     
                       2     
                       3     
                       4     
                       5     
                       6     
                       7     
                       8     
                       9     
                      10     
                      11     ; 1)    Hacer un programa para cargar los registros con los siguientes valores: A 0FH, R0 1
                             2H, R1 34H, R2 56H, R3 78H, R4 09H, R5 ACC.
                      12     
                      13     
                      14     
                      15     
                      16     
                      17     
                      18     
                      19     
                      20     
                      21     
                      22     
                      23     
                      24     
                      25     
                      26     
                      27     
                      28             
                      29             
                      30             
                      31     
                      32     
                      33     
                      34     
                      35     
                      36     
                      37     
                      38     
                      39     
                      40     
                      41     
                      42     
                      43     
                      44     
                      45     
                      46     
                      47     
                      48     
                      49     
                      50     
                      51     
                      52     
                      53                     
                      54                     
                      55                     
                      56     ; 3)    Hacer un programa para que el acumulador pase de 0 a 10 de uno en uno y luego se re
A51 MACRO ASSEMBLER  CONTENEDOR                                                           06/20/2022 12:22:41 PAGE     2

                             pita el proceso.
                      57     
                      58     
                      59     
                      60     
                      61     
                      62     
                      63     
                      64     
                      65     
                      66     
                      67     
                      68                     
                      69                     
                      70                     
                      71     ; 4)    Hacer un programa para sumar el contenido de R4 con el contenido de R6 y colocar el
                              resultado en R2.
                      72     
                      73     
                      74     
                      75     
                      76     
                      77     
                      78     
                      79     
                      80     
                      81     
                      82     
                      83                     
                      84     
                      85     
                      86     
                      87     
                      88     
                      89     
                      90     
                      91     
                      92     
                      93     
                      94     
                      95     
                      96     
                      97     
                      98     
                      99     
                     100     
                     101                     
                     102                     
                     103                     
                     104     
                     105     
                     106     
                     107     
                     108     
                     109     
                     110     
                     111     
                     112     
                     113     
                     114     
                     115     
                     116     
                     117     
                     118     
                     119     
                     120     
A51 MACRO ASSEMBLER  CONTENEDOR                                                           06/20/2022 12:22:41 PAGE     3

                     121     
                     122     
                     123     
                     124     
                     125     
                     126     
                     127                     
                     128                     
                     129                     
                     130     
                     131     
                     132     
                     133     
                     134     
                     135     
                     136     
                     137     
                     138     
                     139     
                     140     
                     141     
                     142     
                     143     
                     144     
                     145     
                     146     
                     147     
                     148     
                     149     
                     150                     
                     151                     
                     152                     
                     153     
                     154     
                     155     
                     156     
                     157     
                     158     
                     159     
                     160     
                     161     
                     162     
                     163     
                     164     
                     165     
                     166     
                     167     
                     168     
                     169     
                     170     
                     171                     
                     172                     
                     173                     
                     174     
                     175     
                     176     
                     177     
                     178     
                     179     
                     180     
                     181     
                     182     
                     183     
                     184     
                     185     
                     186     
A51 MACRO ASSEMBLER  CONTENEDOR                                                           06/20/2022 12:22:41 PAGE     4

                     187     
                     188     
                     189     
                     190     
                     191     
                     192     
                     193     
                     194     
                     195     
                     196     
                     197     
                     198     
                     199     
                     200     
                     201     
                     202     
                     203     
                     204     
                     205     
                     206     
                     207     
                     208     
                     209     
                     210     
                     211     
                     212     
                     213     
                     214     
                     215     
                     216     
                     217     
                     218     
                     219     
                     220     
                     221     
                     222     
                     223     
                     224     
                     225     
                     226     
                     227     
                     228     
                     229     
                     230     
                     231     
                     232     
                     233     
                     234     
                     235     
                     236     
                     237     
                     238     
                     239     
                     240     
                     241     
                     242     
                     243     
                     244     
                     245                     
                     246                     
                     247                     
                     248     
                     249     
                     250     
                     251     
                     252     
A51 MACRO ASSEMBLER  CONTENEDOR                                                           06/20/2022 12:22:41 PAGE     5

                     253     
                     254     
                     255     
                     256     
                     257     
                     258     
                     259     
                     260     
                     261     
                     262     
                     263     
                     264     
                     265                     
                     266                     
                     267                     
                     268     
                     269     
                     270     
                     271     
                     272     
                     273     
                     274     
                     275     
                     276     
                     277     
                     278     
                     279     
                     280     
                     281     
                     282     
                     283     
                     284     
                     285     
                     286     
                     287     
                     288     
                     289     
                     290     
                     291     
                     292     
                     293     
                     294     
                     295     
                     296     
                     297     
                     298     
                     299     
                     300     
                     301                     
                     302                     
                     303                     
                     304     
                     305     
                     306     
                     307     
                     308     
                     309     
                     310     
                     311     
                     312     
                     313     
                     314     
                     315     
                     316     
                     317     
                     318     
A51 MACRO ASSEMBLER  CONTENEDOR                                                           06/20/2022 12:22:41 PAGE     6

                     319     
                     320     
                     321     
                     322     
                     323     
                     324                     
                     325                     
                     326                     
                     327     
                     328     
                     329     
                     330     
                     331     
0000                 332             ORG 0000H
0000 803E            333             SJMP MAIN
0040                 334             ORG 0040H
                     335     
0040 901900          336     MAIN:   MOV DPTR, #1900H
0043 E0              337                     MOVX A, @DPTR
0044 F8              338                     MOV R0, A                       ; Parte alta de apuntador
0045 A3              339                     INC DPTR
0046 E0              340                     MOVX A, @DPTR
0047 F9              341                     MOV R1, A                       ; Parte baja de apuntador
0048 A3              342                     INC DPTR
0049 E0              343                     MOVX A, @DPTR           ; Longitud de lista
004A FA              344                     MOV R2, A
                     345                     
004B 8883            346                     MOV DPH, R0
004D 8982            347                     MOV DPL, R1
                     348                     
004F 80FE            349                     SJMP $
                     350     
0051 C3              351     SOLVE:  CLR C
0052 E0              352                     MOVX A, @DPTR
0053 DAFC            353                     DJNZ R2, SOLVE
                     354     
                     355                     END
                                             
A51 MACRO ASSEMBLER  CONTENEDOR                                                           06/20/2022 12:22:41 PAGE     7

SYMBOL TABLE LISTING
------ ----- -------


N A M E             T Y P E  V A L U E   ATTRIBUTES

DPH. . . . . . . .  D ADDR   0083H   A   
DPL. . . . . . . .  D ADDR   0082H   A   
MAIN . . . . . . .  C ADDR   0040H   A   
SOLVE. . . . . . .  C ADDR   0051H   A   


REGISTER BANK(S) USED: 0 


ASSEMBLY COMPLETE.  0 WARNING(S), 0 ERROR(S)
